11.1.2024, 19:13:15 - ERROR - Failed to get users | TypeError: Class constructor ObjectId cannot be invoked without 'new' 
11.1.2024, 19:13:15 - ERROR - cannot find users | TypeError: Class constructor ObjectId cannot be invoked without 'new' 
11.1.2024, 19:14:12 - ERROR - cannot find users | TypeError: Class constructor ObjectId cannot be invoked without 'new' 
11.1.2024, 19:14:12 - ERROR - Failed to get users | TypeError: Class constructor ObjectId cannot be invoked without 'new' 
11.1.2024, 19:17:44 - ERROR - Failed to get users | TypeError: Class constructor ObjectId cannot be invoked without 'new' 
11.1.2024, 19:17:44 - ERROR - cannot find users | TypeError: Class constructor ObjectId cannot be invoked without 'new' 
11.1.2024, 19:17:55 - ERROR - cannot find users | TypeError: Class constructor ObjectId cannot be invoked without 'new' 
11.1.2024, 19:17:55 - ERROR - Failed to get users | TypeError: Class constructor ObjectId cannot be invoked without 'new' 
11.1.2024, 19:18:32 - ERROR - cannot find users | TypeError: Class constructor ObjectId cannot be invoked without 'new' 
11.1.2024, 19:18:32 - ERROR - Failed to get users | TypeError: Class constructor ObjectId cannot be invoked without 'new' 
11.1.2024, 19:18:56 - ERROR - cannot find users | TypeError: Class constructor ObjectId cannot be invoked without 'new' 
11.1.2024, 19:18:56 - ERROR - Failed to get users | TypeError: Class constructor ObjectId cannot be invoked without 'new' 
11.1.2024, 19:19:38 - ERROR - cannot find users | TypeError: Class constructor ObjectId cannot be invoked without 'new' 
11.1.2024, 19:19:38 - ERROR - Failed to get users | TypeError: Class constructor ObjectId cannot be invoked without 'new' 
11.1.2024, 19:19:53 - ERROR - Failed to get users | TypeError: Class constructor ObjectId cannot be invoked without 'new' 
11.1.2024, 19:19:53 - ERROR - cannot find users | TypeError: Class constructor ObjectId cannot be invoked without 'new' 
11.1.2024, 19:20:34 - ERROR - cannot find users | TypeError: Class constructor ObjectId cannot be invoked without 'new' 
11.1.2024, 19:20:34 - ERROR - Failed to get users | TypeError: Class constructor ObjectId cannot be invoked without 'new' 
11.1.2024, 19:22:59 - ERROR - while finding user :622f3401e36c59e6164fab4d | TypeError: Class constructor ObjectId cannot be invoked without 'new' 
11.1.2024, 19:22:59 - ERROR - Failed to get user | TypeError: Class constructor ObjectId cannot be invoked without 'new' 
11.1.2024, 19:23:03 - ERROR - while finding user 622f3401e36c59e6164fab4d | TypeError: Class constructor ObjectId cannot be invoked without 'new' 
11.1.2024, 19:23:03 - ERROR - Failed to get user | TypeError: Class constructor ObjectId cannot be invoked without 'new' 
11.1.2024, 19:24:54 - ERROR - while finding user 622f3401e36c59e6164fab4d | TypeError: Class constructor ObjectId cannot be invoked without 'new' 
11.1.2024, 19:24:54 - ERROR - Failed to get user | TypeError: Class constructor ObjectId cannot be invoked without 'new' 
11.1.2024, 19:25:14 - ERROR - while finding user 622f3401e36c59e6164fab4d | TypeError: Class constructor ObjectId cannot be invoked without 'new' 
11.1.2024, 19:25:14 - ERROR - Failed to get user | TypeError: Class constructor ObjectId cannot be invoked without 'new' 
11.1.2024, 19:27:27 - ERROR - cannot update user undefined | TypeError: Class constructor ObjectId cannot be invoked without 'new' 
11.1.2024, 19:27:27 - ERROR - Failed to update user | TypeError: Class constructor ObjectId cannot be invoked without 'new' 
11.1.2024, 19:28:21 - ERROR - Failed to update user | TypeError: Class constructor ObjectId cannot be invoked without 'new' 
11.1.2024, 19:28:21 - ERROR - cannot update user 622f3401e36c59e6164fab4e | TypeError: Class constructor ObjectId cannot be invoked without 'new' 
